nohup: ignoring input
[92mINFO [0m:      Starting Flower server, config: num_rounds=20, no round_timeout
[92mINFO [0m:      Flower ECE: gRPC server running (20 rounds), SSL is disabled
[92mINFO [0m:      [INIT]
[92mINFO [0m:      Requesting initial parameters from one random client
[92mINFO [0m:      Received initial parameters from one random client
[92mINFO [0m:      Evaluating initial global parameters
[92mINFO [0m:      
[92mINFO [0m:      [ROUND 1]
[92mINFO [0m:      configure_fit: strategy sampled 6 clients (out of 6)
[92mINFO [0m:      aggregate_fit: received 6 results and 0 failures
[93mWARNING [0m:   No fit_metrics_aggregation_fn provided
[92mINFO [0m:      configure_evaluate: strategy sampled 6 clients (out of 6)
[92mINFO [0m:      aggregate_evaluate: received 6 results and 0 failures
[93mWARNING [0m:   No evaluate_metrics_aggregation_fn provided
[92mINFO [0m:      
[92mINFO [0m:      [ROUND 2]
[92mINFO [0m:      configure_fit: strategy sampled 6 clients (out of 6)
[92mINFO [0m:      aggregate_fit: received 6 results and 0 failures
[92mINFO [0m:      configure_evaluate: strategy sampled 6 clients (out of 6)
[92mINFO [0m:      aggregate_evaluate: received 6 results and 0 failures
[92mINFO [0m:      
[92mINFO [0m:      [ROUND 3]
[92mINFO [0m:      configure_fit: strategy sampled 6 clients (out of 6)
[92mINFO [0m:      aggregate_fit: received 6 results and 0 failures
[92mINFO [0m:      configure_evaluate: strategy sampled 6 clients (out of 6)
[92mINFO [0m:      aggregate_evaluate: received 6 results and 0 failures
[92mINFO [0m:      
[92mINFO [0m:      [ROUND 4]
[92mINFO [0m:      configure_fit: strategy sampled 6 clients (out of 6)
[92mINFO [0m:      aggregate_fit: received 6 results and 0 failures
[92mINFO [0m:      configure_evaluate: strategy sampled 6 clients (out of 6)
[92mINFO [0m:      aggregate_evaluate: received 6 results and 0 failures
[92mINFO [0m:      
[92mINFO [0m:      [ROUND 5]
[92mINFO [0m:      configure_fit: strategy sampled 6 clients (out of 6)
[92mINFO [0m:      aggregate_fit: received 6 results and 0 failures
[92mINFO [0m:      configure_evaluate: strategy sampled 6 clients (out of 6)
[92mINFO [0m:      aggregate_evaluate: received 6 results and 0 failures
[92mINFO [0m:      
[92mINFO [0m:      [ROUND 6]
[92mINFO [0m:      configure_fit: strategy sampled 6 clients (out of 6)
[92mINFO [0m:      aggregate_fit: received 6 results and 0 failures
[92mINFO [0m:      configure_evaluate: strategy sampled 6 clients (out of 6)
[92mINFO [0m:      aggregate_evaluate: received 6 results and 0 failures
[92mINFO [0m:      
[92mINFO [0m:      [ROUND 7]
[92mINFO [0m:      configure_fit: strategy sampled 6 clients (out of 6)
[92mINFO [0m:      aggregate_fit: received 6 results and 0 failures
[92mINFO [0m:      configure_evaluate: strategy sampled 6 clients (out of 6)
[92mINFO [0m:      aggregate_evaluate: received 6 results and 0 failures
[92mINFO [0m:      
[92mINFO [0m:      [ROUND 8]
[92mINFO [0m:      configure_fit: strategy sampled 6 clients (out of 6)
[92mINFO [0m:      aggregate_fit: received 6 results and 0 failures
[92mINFO [0m:      configure_evaluate: strategy sampled 6 clients (out of 6)
[92mINFO [0m:      aggregate_evaluate: received 6 results and 0 failures
[92mINFO [0m:      
[92mINFO [0m:      [ROUND 9]
[92mINFO [0m:      configure_fit: strategy sampled 6 clients (out of 6)
[92mINFO [0m:      aggregate_fit: received 6 results and 0 failures
[92mINFO [0m:      configure_evaluate: strategy sampled 6 clients (out of 6)
[92mINFO [0m:      aggregate_evaluate: received 6 results and 0 failures
[92mINFO [0m:      
[92mINFO [0m:      [ROUND 10]
[92mINFO [0m:      configure_fit: strategy sampled 6 clients (out of 6)
[92mINFO [0m:      aggregate_fit: received 6 results and 0 failures
[92mINFO [0m:      configure_evaluate: strategy sampled 6 clients (out of 6)
[92mINFO [0m:      aggregate_evaluate: received 6 results and 0 failures
[92mINFO [0m:      
[92mINFO [0m:      [ROUND 11]
[92mINFO [0m:      configure_fit: strategy sampled 6 clients (out of 6)
[92mINFO [0m:      aggregate_fit: received 6 results and 0 failures
[92mINFO [0m:      configure_evaluate: strategy sampled 6 clients (out of 6)
[92mINFO [0m:      aggregate_evaluate: received 6 results and 0 failures
[92mINFO [0m:      
[92mINFO [0m:      [ROUND 12]
[92mINFO [0m:      configure_fit: strategy sampled 6 clients (out of 6)
[92mINFO [0m:      aggregate_fit: received 6 results and 0 failures
[92mINFO [0m:      configure_evaluate: strategy sampled 6 clients (out of 6)
[92mINFO [0m:      aggregate_evaluate: received 6 results and 0 failures
[92mINFO [0m:      
[92mINFO [0m:      [ROUND 13]
[92mINFO [0m:      configure_fit: strategy sampled 6 clients (out of 6)
[92mINFO [0m:      aggregate_fit: received 6 results and 0 failures
[92mINFO [0m:      configure_evaluate: strategy sampled 6 clients (out of 6)
[92mINFO [0m:      aggregate_evaluate: received 6 results and 0 failures
[92mINFO [0m:      
[92mINFO [0m:      [ROUND 14]
[92mINFO [0m:      configure_fit: strategy sampled 6 clients (out of 6)
[92mINFO [0m:      aggregate_fit: received 6 results and 0 failures
[92mINFO [0m:      configure_evaluate: strategy sampled 6 clients (out of 6)
[92mINFO [0m:      aggregate_evaluate: received 6 results and 0 failures
[92mINFO [0m:      
[92mINFO [0m:      [ROUND 15]
[92mINFO [0m:      configure_fit: strategy sampled 6 clients (out of 6)
[92mINFO [0m:      aggregate_fit: received 6 results and 0 failures
[92mINFO [0m:      configure_evaluate: strategy sampled 6 clients (out of 6)
[92mINFO [0m:      aggregate_evaluate: received 6 results and 0 failures
[92mINFO [0m:      
[92mINFO [0m:      [ROUND 16]
[92mINFO [0m:      configure_fit: strategy sampled 6 clients (out of 6)
[92mINFO [0m:      aggregate_fit: received 6 results and 0 failures
[92mINFO [0m:      configure_evaluate: strategy sampled 6 clients (out of 6)
[92mINFO [0m:      aggregate_evaluate: received 6 results and 0 failures
[92mINFO [0m:      
[92mINFO [0m:      [ROUND 17]
[92mINFO [0m:      configure_fit: strategy sampled 6 clients (out of 6)
[92mINFO [0m:      aggregate_fit: received 6 results and 0 failures
[92mINFO [0m:      configure_evaluate: strategy sampled 6 clients (out of 6)
[92mINFO [0m:      aggregate_evaluate: received 6 results and 0 failures
[92mINFO [0m:      
[92mINFO [0m:      [ROUND 18]
[92mINFO [0m:      configure_fit: strategy sampled 6 clients (out of 6)
[92mINFO [0m:      aggregate_fit: received 6 results and 0 failures
[92mINFO [0m:      configure_evaluate: strategy sampled 6 clients (out of 6)
[92mINFO [0m:      aggregate_evaluate: received 6 results and 0 failures
[92mINFO [0m:      
[92mINFO [0m:      [ROUND 19]
[92mINFO [0m:      configure_fit: strategy sampled 6 clients (out of 6)
[92mINFO [0m:      aggregate_fit: received 6 results and 0 failures
[92mINFO [0m:      configure_evaluate: strategy sampled 6 clients (out of 6)
[92mINFO [0m:      aggregate_evaluate: received 6 results and 0 failures
[92mINFO [0m:      
[92mINFO [0m:      [ROUND 20]
[92mINFO [0m:      configure_fit: strategy sampled 6 clients (out of 6)
[92mINFO [0m:      aggregate_fit: received 6 results and 0 failures
[92mINFO [0m:      configure_evaluate: strategy sampled 6 clients (out of 6)
[92mINFO [0m:      aggregate_evaluate: received 6 results and 0 failures
[92mINFO [0m:      
[92mINFO [0m:      [SUMMARY]
[92mINFO [0m:      Run finished 20 rounds in 6558.99s
[92mINFO [0m:      History (loss, distributed):
[92mINFO [0m:      	('\tround 1: 132.45303344726562\n'
[92mINFO [0m:      	 '\tround 2: 129.28912353515625\n'
[92mINFO [0m:      	 '\tround 3: 134.68017578125\n'
[92mINFO [0m:      	 '\tround 4: 139.77590942382812\n'
[92mINFO [0m:      	 '\tround 5: 142.96080017089844\n'
[92mINFO [0m:      	 '\tround 6: 143.12770080566406\n'
[92mINFO [0m:      	 '\tround 7: 142.19253540039062\n'
[92mINFO [0m:      	 '\tround 8: 139.54917907714844\n'
[92mINFO [0m:      	 '\tround 9: 137.34071350097656\n'
[92mINFO [0m:      	 '\tround 10: 135.15438842773438\n'
[92mINFO [0m:      	 '\tround 11: 133.99407958984375\n'
[92mINFO [0m:      	 '\tround 12: 132.314453125\n'
[92mINFO [0m:      	 '\tround 13: 130.88543701171875\n'
[92mINFO [0m:      	 '\tround 14: 128.72906494140625\n'
[92mINFO [0m:      	 '\tround 15: 127.5936050415039\n'
[92mINFO [0m:      	 '\tround 16: 126.01114654541016\n'
[92mINFO [0m:      	 '\tround 17: 125.61505889892578\n'
[92mINFO [0m:      	 '\tround 18: 124.59529113769531\n'
[92mINFO [0m:      	 '\tround 19: 124.03018951416016\n'
[92mINFO [0m:      	 '\tround 20: 123.3164291381836\n')
[92mINFO [0m:      
